#
# A fatal error has been detected by the Java Runtime Environment:
#
#  SIGFPE (0x8) at pc=0x0000000116f90168, pid=3129, tid=7683
#
# JRE version: Java(TM) SE Runtime Environment (15.0.2+7) (build 15.0.2+7-27)
# Java VM: Java HotSpot(TM) 64-Bit Server VM (15.0.2+7-27, mixed mode, sharing, tiered, compressed oops, g1 gc, bsd-amd64)
# Problematic frame:
# j  exceptions.Example1.main([Ljava/lang/String;)V+0
#
# No core dump will be written. Core dumps have been disabled. To enable core dumping, try "ulimit -c unlimited" before starting Java again
#
# If you would like to submit a bug report, please visit:
#   https://bugreport.java.com/bugreport/crash.jsp
#

---------------  S U M M A R Y ------------

Command Line: -Dfile.encoding=UTF-8 -XX:+ShowCodeDetailsInExceptionMessages exceptions.Example1

Host: MacBookAir10,1 x86_64 2400 MHz, 8 cores, 8G, Darwin 20.3.0
Time: Tue Mar 30 17:17:07 2021 +06 elapsed time: 0.059628 seconds (0d 0h 0m 0s)

---------------  T H R E A D  ---------------

Current thread (0x00007fe8d480c200):  JavaThread "main" [_thread_in_Java, id=7683, stack(0x0000000304b72000,0x0000000304c72000)]

Stack: [0x0000000304b72000,0x0000000304c72000],  sp=0x0000000304c71ad0,  free space=1022k
Native frames: (J=compiled Java code, A=aot compiled Java code, j=interpreted, Vv=VM code, C=native code)
j  exceptions.Example1.main([Ljava/lang/String;)V+0
v  ~StubRoutines::call_stub
V  [libjvm.dylib+0x4adf62]  JavaCalls::call_helper(JavaValue*, methodHandle const&, JavaCallArguments*, Thread*)+0x2e2
V  [libjvm.dylib+0x50e5f9]  jni_invoke_static(JNIEnv_*, JavaValue*, _jobject*, JNICallType, _jmethodID*, JNI_ArgumentPusher*, Thread*)+0x1f9
V  [libjvm.dylib+0x511b8a]  jni_CallStaticVoidMethod+0x18a
C  [libjli.dylib+0x4f3d]  JavaMain+0xc1d
C  [libjli.dylib+0x7659]  ThreadJavaMain+0x9
C  [libsystem_pthread.dylib+0x6950]  _pthread_start+0xe0
C  [libsystem_pthread.dylib+0x247b]  thread_start+0xf


siginfo: si_signo: 8 (SIGFPE), si_code: 5 (FPE_FLTINV), si_addr: 0x0000000116f90168

Register to memory mapping:

RAX=0x0000000000000005 is an unknown value
RBX=0x000000000000006c is an unknown value
RCX=0x0 is NULL
RDX=0x0 is NULL
RSP=0x0000000304c71ad0 is pointing into the stack for thread: 0x00007fe8d480c200
RBP=0x0000000304c71b18 is pointing into the stack for thread: 0x00007fe8d480c200
RSI=0x0000000000000001 is an unknown value
RDI=0x0000000000000001 is an unknown value
R8 ={method} {0x000000012d1d8450} 'main' '([Ljava/lang/String;)V' in 'exceptions/Example1'
R9 =0x00007fe8d440d300 points into unknown readable memory: 0x000000012d1d8450 | 50 84 1d 2d 01 00 00 00
R10=0x000000010d4349c0: _ZN19TemplateInterpreter13_active_tableE+0x2000 in /Library/Java/JavaVirtualMachines/jdk-15.0.2.jdk/Contents/Home/lib/server/libjvm.dylib at 0x000000010c800000
R11=0x0 is NULL
R12=0x0 is NULL
R13=0x000000012d1d83de is pointing into metadata
R14=0x0000000304c71b48 is pointing into the stack for thread: 0x00007fe8d480c200
R15=0x00007fe8d480c200 is a thread


Registers:
RAX=0x0000000000000005, RBX=0x000000000000006c, RCX=0x0000000000000000, RDX=0x0000000000000000
RSP=0x0000000304c71ad0, RBP=0x0000000304c71b18, RSI=0x0000000000000001, RDI=0x0000000000000001
R8 =0x000000012d1d8450, R9 =0x00007fe8d440d300, R10=0x000000010d4349c0, R11=0x0000000000000000
R12=0x0000000000000000, R13=0x000000012d1d83de, R14=0x0000000304c71b48, R15=0x00007fe8d480c200
RIP=0x0000000116f90168, EFLAGS=0x0000000000000a87, ERR=0x0000000000000000
  TRAPNO=0x0000000000000000

Top of Stack: (sp=0x0000000304c71ad0)
0x0000000304c71ad0:   0000000304c71ad0 000000012d1d83d8
0x0000000304c71ae0:   0000000304c71b48 000000012d1d84c8
0x0000000304c71af0:   0000000000000000 0000000787f43f90
0x0000000304c71b00:   000000012d1d8450 0000000000000000
0x0000000304c71b10:   0000000304c71b48 0000000304c71bb0
0x0000000304c71b20:   0000000116f7c947 0000000000000000
0x0000000304c71b30:   0000000000000000 0000000000000005
0x0000000304c71b40:   0000000000000000 0000000787f44788
0x0000000304c71b50:   4d7b89f300001fa0 00007fe8d480c200
0x0000000304c71b60:   0000000304c71cf0 0000000304c71ea0
0x0000000304c71b70:   0000000304c71cd8 0000000000000001
0x0000000304c71b80:   0000000304c71c08 0000000304c71ea8
0x0000000304c71b90:   000000000000000a 000000012d1d8450
0x0000000304c71ba0:   0000000116f89f40 0000000304c71cf8
0x0000000304c71bb0:   0000000304c71c90 000000010ccadf62
0x0000000304c71bc0:   0000000000000001 00007fe8d480c200
0x0000000304c71bd0:   00007fe8d480c200 00007fe8d440ce40
0x0000000304c71be0:   00007fe8d440cf90 00007fe8d440cfa0
0x0000000304c71bf0:   00007fe8d440d078 00000000000000d8
0x0000000304c71c00:   00007fe8d440ce80 00007fe8d480c200
0x0000000304c71c10:   00007fe8d440df70 000000012d1d8450
0x0000000304c71c20:   0000000000000000 0000000000000000
0x0000000304c71c30:   0000000000000000 0000000000000000
0x0000000304c71c40:   0000000304c71ea0 00000002006a49ec
0x0000000304c71c50:   0000000116f89f40 000000000000000f
0x0000000304c71c60:   0000000a003e9968 00007fe8d480c200
0x0000000304c71c70:   0000000000000008 0000000304c71ea0
0x0000000304c71c80:   00007fe8d440ce10 0000000304c71cf0
0x0000000304c71c90:   0000000304c71da0 000000010cd0e5f9
0x0000000304c71ca0:   00007fe8d440d500 00007fe8d440d510
0x0000000304c71cb0:   00007fe8d480c200 0000000304c71e60
0x0000000304c71cc0:   00007fe8d440d8e8 00000000000003d8 

Instructions: (pc=0x0000000116f90168)
0x0000000116f90068:   9a a0 27 0d 01 00 00 00 6a 00 00 00 00 00 00 00
0x0000000116f90078:   00 00 00 00 00 00 00 00 f3 0f 10 04 24 48 83 c4
0x0000000116f90088:   08 f3 0f 59 04 24 48 83 c4 08 41 0f b6 5d 01 49
0x0000000116f90098:   ff c5 49 ba c0 59 43 0d 01 00 00 00 41 ff 24 da
0x0000000116f900a8:   00 00 00 00 00 00 00 00 00 00 00 00 00 00 00 00
0x0000000116f900b8:   00 00 00 00 00 00 00 00 60 00 00 00 00 00 00 00
0x0000000116f900c8:   9f a0 27 0d 01 00 00 00 6b 00 00 00 00 00 00 00
0x0000000116f900d8:   00 00 00 00 00 00 00 00 f2 0f 10 04 24 48 83 c4
0x0000000116f900e8:   10 f2 0f 59 04 24 48 83 c4 10 41 0f b6 5d 01 49
0x0000000116f900f8:   ff c5 49 ba c0 61 43 0d 01 00 00 00 41 ff 24 da
0x0000000116f90108:   00 00 00 00 00 00 00 00 00 00 00 00 00 00 00 00
0x0000000116f90118:   00 00 00 00 00 00 00 00 60 00 00 00 00 00 00 00
0x0000000116f90128:   a4 a0 27 0d 01 00 00 00 6c 00 00 00 00 00 00 00
0x0000000116f90138:   00 00 00 00 00 00 00 00 8b 04 24 48 83 c4 08 8b
0x0000000116f90148:   c8 8b 04 24 48 83 c4 08 81 f8 00 00 00 80 0f 85
0x0000000116f90158:   0b 00 00 00 33 d2 83 f9 ff 0f 84 03 00 00 00 99
0x0000000116f90168:   f7 f9 41 0f b6 5d 01 49 ff c5 49 ba c0 49 43 0d
0x0000000116f90178:   01 00 00 00 41 ff 24 da 80 00 00 00 00 00 00 00
0x0000000116f90188:   a9 a0 27 0d 01 00 00 00 6d 00 00 00 00 00 00 00
0x0000000116f90198:   00 00 00 00 00 00 00 00 48 8b 04 24 48 83 c4 10
0x0000000116f901a8:   48 8b c8 48 8b 04 24 48 83 c4 10 48 85 c9 0f 84
0x0000000116f901b8:   73 9a ff ff 48 3b 05 9d 4b 36 f6 0f 85 0c 00 00
0x0000000116f901c8:   00 33 d2 48 83 f9 ff 0f 84 05 00 00 00 48 99 48
0x0000000116f901d8:   f7 f9 41 0f b6 5d 01 49 ff c5 49 ba c0 51 43 0d
0x0000000116f901e8:   01 00 00 00 41 ff 24 da 00 00 00 00 00 00 00 00
0x0000000116f901f8:   00 00 00 00 00 00 00 00 60 00 00 00 00 00 00 00
0x0000000116f90208:   ae a0 27 0d 01 00 00 00 6e 00 00 00 00 00 00 00
0x0000000116f90218:   00 00 00 00 00 00 00 00 f3 0f 10 04 24 48 83 c4
0x0000000116f90228:   08 0f 28 c8 f3 0f 10 04 24 48 83 c4 08 f3 0f 5e
0x0000000116f90238:   c1 41 0f b6 5d 01 49 ff c5 49 ba c0 59 43 0d 01
0x0000000116f90248:   00 00 00 41 ff 24 da 90 00 00 00 00 00 00 00 00
0x0000000116f90258:   00 00 00 00 00 00 00 00 60 00 00 00 00 00 00 00 


Stack slot to memory mapping:
stack at sp + 0 slots: 0x0000000304c71ad0 is pointing into the stack for thread: 0x00007fe8d480c200
stack at sp + 1 slots: 0x000000012d1d83d8 is pointing into metadata
stack at sp + 2 slots: 0x0000000304c71b48 is pointing into the stack for thread: 0x00007fe8d480c200
stack at sp + 3 slots: 0x000000012d1d84c8 is pointing into metadata
stack at sp + 4 slots: 0x0 is NULL
stack at sp + 5 slots: 0x0000000787f43f90 is an oop: java.lang.Class 
{0x0000000787f43f90} - klass: 'java/lang/Class'
stack at sp + 6 slots: {method} {0x000000012d1d8450} 'main' '([Ljava/lang/String;)V' in 'exceptions/Example1'
stack at sp + 7 slots: 0x0 is NULL

idiv  108 idiv  [0x0000000116f90140, 0x0000000116f90180]  64 bytes
[MachCode]
  0x0000000116f90140: 8b04 2448 | 83c4 088b | c88b 0424 | 4883 c408 | 81f8 0000 | 0080 0f85 | 0b00 0000 | 33d2 83f9 
  0x0000000116f90160: ff0f 8403 | 0000 0099 | f7f9 410f | b65d 0149 | ffc5 49ba | c049 430d | 0100 0000 | 41ff 24da 
[/MachCode]

---------------  P R O C E S S  ---------------

Threads class SMR info:
_java_thread_list=0x00007fe8d460ab30, length=10, elements={
0x00007fe8d480c200, 0x00007fe8c4818a00, 0x00007fe8c481b200, 0x00007fe8d48ba600,
0x00007fe8d48b9600, 0x00007fe8d48c0200, 0x00007fe8d48c0800, 0x00007fe8d48c7000,
0x00007fe8d500c800, 0x00007fe8c5050200
}

Java Threads: ( => current thread )
=>0x00007fe8d480c200 JavaThread "main" [_thread_in_Java, id=7683, stack(0x0000000304b72000,0x0000000304c72000)]
  0x00007fe8c4818a00 JavaThread "Reference Handler" daemon [_thread_blocked, id=16643, stack(0x0000000305287000,0x0000000305387000)]
  0x00007fe8c481b200 JavaThread "Finalizer" daemon [_thread_blocked, id=22275, stack(0x000000030538a000,0x000000030548a000)]
  0x00007fe8d48ba600 JavaThread "Signal Dispatcher" daemon [_thread_blocked, id=24067, stack(0x000000030559b000,0x000000030569b000)]
  0x00007fe8d48b9600 JavaThread "Service Thread" daemon [_thread_blocked, id=39171, stack(0x000000030569e000,0x000000030579e000)]
  0x00007fe8d48c0200 JavaThread "C2 CompilerThread0" daemon [_thread_blocked, id=38659, stack(0x00000003057a1000,0x00000003058a1000)]
  0x00007fe8d48c0800 JavaThread "C1 CompilerThread0" daemon [_thread_blocked, id=26115, stack(0x00000003058a4000,0x00000003059a4000)]
  0x00007fe8d48c7000 JavaThread "Sweeper thread" daemon [_thread_blocked, id=26627, stack(0x00000003059a7000,0x0000000305aa7000)]
  0x00007fe8d500c800 JavaThread "Notification Thread" daemon [_thread_blocked, id=36611, stack(0x0000000305aaa000,0x0000000305baa000)]
  0x00007fe8c5050200 JavaThread "Common-Cleaner" daemon [_thread_blocked, id=27395, stack(0x0000000305cb0000,0x0000000305db0000)]

Other Threads:
  0x00007fe8d4442bd0 VMThread "VM Thread" [stack: 0x0000000305184000,0x0000000305284000] [id=17923]
  0x00007fe8d453f530 WatcherThread [stack: 0x0000000305bad000,0x0000000305cad000] [id=36115]
  0x00007fe8d4419500 GCTaskThread "GC Thread#0" [stack: 0x0000000304c75000,0x0000000304d75000] [id=19203]
  0x00007fe8d4704ab0 ConcurrentGCThread "G1 Main Marker" [stack: 0x0000000304d78000,0x0000000304e78000] [id=14851]
  0x00007fe8d441a220 ConcurrentGCThread "G1 Conc#0" [stack: 0x0000000304e7b000,0x0000000304f7b000] [id=18691]
  0x00007fe8d4436e60 ConcurrentGCThread "G1 Refine#0" [stack: 0x0000000304f7e000,0x000000030507e000] [id=16131]
  0x00007fe8d4604370 ConcurrentGCThread "G1 Young RemSet Sampling" [stack: 0x0000000305081000,0x0000000305181000] [id=18179]

Threads with active compile tasks:

VM state: not at safepoint (normal execution)

VM Mutex/Monitor currently owned by a thread: None

Heap address: 0x0000000780000000, size: 2048 MB, Compressed Oops mode: Zero based, Oop shift amount: 3
CDS archive(s) mapped at: [0x0000000800000000-0x0000000800b2d000-0x0000000800b2d000), size 11718656, SharedBaseAddress: 0x0000000800000000, ArchiveRelocationMode: 0.
Compressed class space mapped at: 0x0000000800b30000-0x0000000840b30000, size: 1073741824
Narrow klass base: 0x0000000800000000, Narrow klass shift: 3, Narrow klass range: 0x100000000

GC Precious Log:
 CPUs: 8 total, 8 available
 Memory: 8192M
 Large Page Support: Disabled
 NUMA Support: Disabled
 Compressed Oops: Enabled (Zero based)
 Heap Region Size: 1M
 Heap Min Capacity: 8M
 Heap Initial Capacity: 128M
 Heap Max Capacity: 2G
 Pre-touch: Disabled
 Parallel Workers: 8
 Concurrent Workers: 2
 Concurrent Refinement Workers: 8
 Periodic GC: Disabled

Heap:
 garbage-first heap   total 133120K, used 808K [0x0000000780000000, 0x0000000800000000)
  region size 1024K, 1 young (1024K), 0 survivors (0K)
 Metaspace       used 142K, capacity 4486K, committed 4864K, reserved 1056768K
  class space    used 6K, capacity 386K, committed 512K, reserved 1048576K

Heap Regions: E=young(eden), S=young(survivor), O=old, HS=humongous(starts), HC=humongous(continues), CS=collection set, F=free, OA=open archive, CA=closed archive, TAMS=top-at-mark-start (previous, next)
|   0|0x0000000780000000, 0x0000000780000000, 0x0000000780100000|  0%| F|  |TAMS 0x0000000780000000, 0x0000000780000000| Untracked 
|   1|0x0000000780100000, 0x0000000780100000, 0x0000000780200000|  0%| F|  |TAMS 0x0000000780100000, 0x0000000780100000| Untracked 
|   2|0x0000000780200000, 0x0000000780200000, 0x0000000780300000|  0%| F|  |TAMS 0x0000000780200000, 0x0000000780200000| Untracked 
|   3|0x0000000780300000, 0x0000000780300000, 0x0000000780400000|  0%| F|  |TAMS 0x0000000780300000, 0x0000000780300000| Untracked 
|   4|0x0000000780400000, 0x0000000780400000, 0x0000000780500000|  0%| F|  |TAMS 0x0000000780400000, 0x0000000780400000| Untracked 
|   5|0x0000000780500000, 0x0000000780500000, 0x0000000780600000|  0%| F|  |TAMS 0x0000000780500000, 0x0000000780500000| Untracked 
|   6|0x0000000780600000, 0x0000000780600000, 0x0000000780700000|  0%| F|  |TAMS 0x0000000780600000, 0x0000000780600000| Untracked 
|   7|0x0000000780700000, 0x0000000780700000, 0x0000000780800000|  0%| F|  |TAMS 0x0000000780700000, 0x0000000780700000| Untracked 
|   8|0x0000000780800000, 0x0000000780800000, 0x0000000780900000|  0%| F|  |TAMS 0x0000000780800000, 0x0000000780800000| Untracked 
|   9|0x0000000780900000, 0x0000000780900000, 0x0000000780a00000|  0%| F|  |TAMS 0x0000000780900000, 0x0000000780900000| Untracked 
|  10|0x0000000780a00000, 0x0000000780a00000, 0x0000000780b00000|  0%| F|  |TAMS 0x0000000780a00000, 0x0000000780a00000| Untracked 
|  11|0x0000000780b00000, 0x0000000780b00000, 0x0000000780c00000|  0%| F|  |TAMS 0x0000000780b00000, 0x0000000780b00000| Untracked 
|  12|0x0000000780c00000, 0x0000000780c00000, 0x0000000780d00000|  0%| F|  |TAMS 0x0000000780c00000, 0x0000000780c00000| Untracked 
|  13|0x0000000780d00000, 0x0000000780d00000, 0x0000000780e00000|  0%| F|  |TAMS 0x0000000780d00000, 0x0000000780d00000| Untracked 
|  14|0x0000000780e00000, 0x0000000780e00000, 0x0000000780f00000|  0%| F|  |TAMS 0x0000000780e00000, 0x0000000780e00000| Untracked 
|  15|0x0000000780f00000, 0x0000000780f00000, 0x0000000781000000|  0%| F|  |TAMS 0x0000000780f00000, 0x0000000780f00000| Untracked 
|  16|0x0000000781000000, 0x0000000781000000, 0x0000000781100000|  0%| F|  |TAMS 0x0000000781000000, 0x0000000781000000| Untracked 
|  17|0x0000000781100000, 0x0000000781100000, 0x0000000781200000|  0%| F|  |TAMS 0x0000000781100000, 0x0000000781100000| Untracked 
|  18|0x0000000781200000, 0x0000000781200000, 0x0000000781300000|  0%| F|  |TAMS 0x0000000781200000, 0x0000000781200000| Untracked 
|  19|0x0000000781300000, 0x0000000781300000, 0x0000000781400000|  0%| F|  |TAMS 0x0000000781300000, 0x0000000781300000| Untracked 
|  20|0x0000000781400000, 0x0000000781400000, 0x0000000781500000|  0%| F|  |TAMS 0x0000000781400000, 0x0000000781400000| Untracked 
|  21|0x0000000781500000, 0x0000000781500000, 0x0000000781600000|  0%| F|  |TAMS 0x0000000781500000, 0x0000000781500000| Untracked 
|  22|0x0000000781600000, 0x0000000781600000, 0x0000000781700000|  0%| F|  |TAMS 0x0000000781600000, 0x0000000781600000| Untracked 
|  23|0x0000000781700000, 0x0000000781700000, 0x0000000781800000|  0%| F|  |TAMS 0x0000000781700000, 0x0000000781700000| Untracked 
|  24|0x0000000781800000, 0x0000000781800000, 0x0000000781900000|  0%| F|  |TAMS 0x0000000781800000, 0x0000000781800000| Untracked 
|  25|0x0000000781900000, 0x0000000781900000, 0x0000000781a00000|  0%| F|  |TAMS 0x0000000781900000, 0x0000000781900000| Untracked 
|  26|0x0000000781a00000, 0x0000000781a00000, 0x0000000781b00000|  0%| F|  |TAMS 0x0000000781a00000, 0x0000000781a00000| Untracked 
|  27|0x0000000781b00000, 0x0000000781b00000, 0x0000000781c00000|  0%| F|  |TAMS 0x0000000781b00000, 0x0000000781b00000| Untracked 
|  28|0x0000000781c00000, 0x0000000781c00000, 0x0000000781d00000|  0%| F|  |TAMS 0x0000000781c00000, 0x0000000781c00000| Untracked 
|  29|0x0000000781d00000, 0x0000000781d00000, 0x0000000781e00000|  0%| F|  |TAMS 0x0000000781d00000, 0x0000000781d00000| Untracked 
|  30|0x0000000781e00000, 0x0000000781e00000, 0x0000000781f00000|  0%| F|  |TAMS 0x0000000781e00000, 0x0000000781e00000| Untracked 
|  31|0x0000000781f00000, 0x0000000781f00000, 0x0000000782000000|  0%| F|  |TAMS 0x0000000781f00000, 0x0000000781f00000| Untracked 
|  32|0x0000000782000000, 0x0000000782000000, 0x0000000782100000|  0%| F|  |TAMS 0x0000000782000000, 0x0000000782000000| Untracked 
|  33|0x0000000782100000, 0x0000000782100000, 0x0000000782200000|  0%| F|  |TAMS 0x0000000782100000, 0x0000000782100000| Untracked 
|  34|0x0000000782200000, 0x0000000782200000, 0x0000000782300000|  0%| F|  |TAMS 0x0000000782200000, 0x0000000782200000| Untracked 
|  35|0x0000000782300000, 0x0000000782300000, 0x0000000782400000|  0%| F|  |TAMS 0x0000000782300000, 0x0000000782300000| Untracked 
|  36|0x0000000782400000, 0x0000000782400000, 0x0000000782500000|  0%| F|  |TAMS 0x0000000782400000, 0x0000000782400000| Untracked 
|  37|0x0000000782500000, 0x0000000782500000, 0x0000000782600000|  0%| F|  |TAMS 0x0000000782500000, 0x0000000782500000| Untracked 
|  38|0x0000000782600000, 0x0000000782600000, 0x0000000782700000|  0%| F|  |TAMS 0x0000000782600000, 0x0000000782600000| Untracked 
|  39|0x0000000782700000, 0x0000000782700000, 0x0000000782800000|  0%| F|  |TAMS 0x0000000782700000, 0x0000000782700000| Untracked 
|  40|0x0000000782800000, 0x0000000782800000, 0x0000000782900000|  0%| F|  |TAMS 0x0000000782800000, 0x0000000782800000| Untracked 
|  41|0x0000000782900000, 0x0000000782900000, 0x0000000782a00000|  0%| F|  |TAMS 0x0000000782900000, 0x0000000782900000| Untracked 
|  42|0x0000000782a00000, 0x0000000782a00000, 0x0000000782b00000|  0%| F|  |TAMS 0x0000000782a00000, 0x0000000782a00000| Untracked 
|  43|0x0000000782b00000, 0x0000000782b00000, 0x0000000782c00000|  0%| F|  |TAMS 0x0000000782b00000, 0x0000000782b00000| Untracked 
|  44|0x0000000782c00000, 0x0000000782c00000, 0x0000000782d00000|  0%| F|  |TAMS 0x0000000782c00000, 0x0000000782c00000| Untracked 
|  45|0x0000000782d00000, 0x0000000782d00000, 0x0000000782e00000|  0%| F|  |TAMS 0x0000000782d00000, 0x0000000782d00000| Untracked 
|  46|0x0000000782e00000, 0x0000000782e00000, 0x0000000782f00000|  0%| F|  |TAMS 0x0000000782e00000, 0x0000000782e00000| Untracked 
|  47|0x0000000782f00000, 0x0000000782f00000, 0x0000000783000000|  0%| F|  |TAMS 0x0000000782f00000, 0x0000000782f00000| Untracked 
|  48|0x0000000783000000, 0x0000000783000000, 0x0000000783100000|  0%| F|  |TAMS 0x0000000783000000, 0x0000000783000000| Untracked 
|  49|0x0000000783100000, 0x0000000783100000, 0x0000000783200000|  0%| F|  |TAMS 0x0000000783100000, 0x0000000783100000| Untracked 
|  50|0x0000000783200000, 0x0000000783200000, 0x0000000783300000|  0%| F|  |TAMS 0x0000000783200000, 0x0000000783200000| Untracked 
|  51|0x0000000783300000, 0x0000000783300000, 0x0000000783400000|  0%| F|  |TAMS 0x0000000783300000, 0x0000000783300000| Untracked 
|  52|0x0000000783400000, 0x0000000783400000, 0x0000000783500000|  0%| F|  |TAMS 0x0000000783400000, 0x0000000783400000| Untracked 
|  53|0x0000000783500000, 0x0000000783500000, 0x0000000783600000|  0%| F|  |TAMS 0x0000000783500000, 0x0000000783500000| Untracked 
|  54|0x0000000783600000, 0x0000000783600000, 0x0000000783700000|  0%| F|  |TAMS 0x0000000783600000, 0x0000000783600000| Untracked 
|  55|0x0000000783700000, 0x0000000783700000, 0x0000000783800000|  0%| F|  |TAMS 0x0000000783700000, 0x0000000783700000| Untracked 
|  56|0x0000000783800000, 0x0000000783800000, 0x0000000783900000|  0%| F|  |TAMS 0x0000000783800000, 0x0000000783800000| Untracked 
|  57|0x0000000783900000, 0x0000000783900000, 0x0000000783a00000|  0%| F|  |TAMS 0x0000000783900000, 0x0000000783900000| Untracked 
|  58|0x0000000783a00000, 0x0000000783a00000, 0x0000000783b00000|  0%| F|  |TAMS 0x0000000783a00000, 0x0000000783a00000| Untracked 
|  59|0x0000000783b00000, 0x0000000783b00000, 0x0000000783c00000|  0%| F|  |TAMS 0x0000000783b00000, 0x0000000783b00000| Untracked 
|  60|0x0000000783c00000, 0x0000000783c00000, 0x0000000783d00000|  0%| F|  |TAMS 0x0000000783c00000, 0x0000000783c00000| Untracked 
|  61|0x0000000783d00000, 0x0000000783d00000, 0x0000000783e00000|  0%| F|  |TAMS 0x0000000783d00000, 0x0000000783d00000| Untracked 
|  62|0x0000000783e00000, 0x0000000783e00000, 0x0000000783f00000|  0%| F|  |TAMS 0x0000000783e00000, 0x0000000783e00000| Untracked 
|  63|0x0000000783f00000, 0x0000000783f00000, 0x0000000784000000|  0%| F|  |TAMS 0x0000000783f00000, 0x0000000783f00000| Untracked 
|  64|0x0000000784000000, 0x0000000784000000, 0x0000000784100000|  0%| F|  |TAMS 0x0000000784000000, 0x0000000784000000| Untracked 
|  65|0x0000000784100000, 0x0000000784100000, 0x0000000784200000|  0%| F|  |TAMS 0x0000000784100000, 0x0000000784100000| Untracked 
|  66|0x0000000784200000, 0x0000000784200000, 0x0000000784300000|  0%| F|  |TAMS 0x0000000784200000, 0x0000000784200000| Untracked 
|  67|0x0000000784300000, 0x0000000784300000, 0x0000000784400000|  0%| F|  |TAMS 0x0000000784300000, 0x0000000784300000| Untracked 
|  68|0x0000000784400000, 0x0000000784400000, 0x0000000784500000|  0%| F|  |TAMS 0x0000000784400000, 0x0000000784400000| Untracked 
|  69|0x0000000784500000, 0x0000000784500000, 0x0000000784600000|  0%| F|  |TAMS 0x0000000784500000, 0x0000000784500000| Untracked 
|  70|0x0000000784600000, 0x0000000784600000, 0x0000000784700000|  0%| F|  |TAMS 0x0000000784600000, 0x0000000784600000| Untracked 
|  71|0x0000000784700000, 0x0000000784700000, 0x0000000784800000|  0%| F|  |TAMS 0x0000000784700000, 0x0000000784700000| Untracked 
|  72|0x0000000784800000, 0x0000000784800000, 0x0000000784900000|  0%| F|  |TAMS 0x0000000784800000, 0x0000000784800000| Untracked 
|  73|0x0000000784900000, 0x0000000784900000, 0x0000000784a00000|  0%| F|  |TAMS 0x0000000784900000, 0x0000000784900000| Untracked 
|  74|0x0000000784a00000, 0x0000000784a00000, 0x0000000784b00000|  0%| F|  |TAMS 0x0000000784a00000, 0x0000000784a00000| Untracked 
|  75|0x0000000784b00000, 0x0000000784b00000, 0x0000000784c00000|  0%| F|  |TAMS 0x0000000784b00000, 0x0000000784b00000| Untracked 
|  76|0x0000000784c00000, 0x0000000784c00000, 0x0000000784d00000|  0%| F|  |TAMS 0x0000000784c00000, 0x0000000784c00000| Untracked 
|  77|0x0000000784d00000, 0x0000000784d00000, 0x0000000784e00000|  0%| F|  |TAMS 0x0000000784d00000, 0x0000000784d00000| Untracked 
|  78|0x0000000784e00000, 0x0000000784e00000, 0x0000000784f00000|  0%| F|  |TAMS 0x0000000784e00000, 0x0000000784e00000| Untracked 
|  79|0x0000000784f00000, 0x0000000784f00000, 0x0000000785000000|  0%| F|  |TAMS 0x0000000784f00000, 0x0000000784f00000| Untracked 
|  80|0x0000000785000000, 0x0000000785000000, 0x0000000785100000|  0%| F|  |TAMS 0x0000000785000000, 0x0000000785000000| Untracked 
|  81|0x0000000785100000, 0x0000000785100000, 0x0000000785200000|  0%| F|  |TAMS 0x0000000785100000, 0x0000000785100000| Untracked 
|  82|0x0000000785200000, 0x0000000785200000, 0x0000000785300000|  0%| F|  |TAMS 0x0000000785200000, 0x0000000785200000| Untracked 
|  83|0x0000000785300000, 0x0000000785300000, 0x0000000785400000|  0%| F|  |TAMS 0x0000000785300000, 0x0000000785300000| Untracked 
|  84|0x0000000785400000, 0x0000000785400000, 0x0000000785500000|  0%| F|  |TAMS 0x0000000785400000, 0x0000000785400000| Untracked 
|  85|0x0000000785500000, 0x0000000785500000, 0x0000000785600000|  0%| F|  |TAMS 0x0000000785500000, 0x0000000785500000| Untracked 
|  86|0x0000000785600000, 0x0000000785600000, 0x0000000785700000|  0%| F|  |TAMS 0x0000000785600000, 0x0000000785600000| Untracked 
|  87|0x0000000785700000, 0x0000000785700000, 0x0000000785800000|  0%| F|  |TAMS 0x0000000785700000, 0x0000000785700000| Untracked 
|  88|0x0000000785800000, 0x0000000785800000, 0x0000000785900000|  0%| F|  |TAMS 0x0000000785800000, 0x0000000785800000| Untracked 
|  89|0x0000000785900000, 0x0000000785900000, 0x0000000785a00000|  0%| F|  |TAMS 0x0000000785900000, 0x0000000785900000| Untracked 
|  90|0x0000000785a00000, 0x0000000785a00000, 0x0000000785b00000|  0%| F|  |TAMS 0x0000000785a00000, 0x0000000785a00000| Untracked 
|  91|0x0000000785b00000, 0x0000000785b00000, 0x0000000785c00000|  0%| F|  |TAMS 0x0000000785b00000, 0x0000000785b00000| Untracked 
|  92|0x0000000785c00000, 0x0000000785c00000, 0x0000000785d00000|  0%| F|  |TAMS 0x0000000785c00000, 0x0000000785c00000| Untracked 
|  93|0x0000000785d00000, 0x0000000785d00000, 0x0000000785e00000|  0%| F|  |TAMS 0x0000000785d00000, 0x0000000785d00000| Untracked 
|  94|0x0000000785e00000, 0x0000000785e00000, 0x0000000785f00000|  0%| F|  |TAMS 0x0000000785e00000, 0x0000000785e00000| Untracked 
|  95|0x0000000785f00000, 0x0000000785f00000, 0x0000000786000000|  0%| F|  |TAMS 0x0000000785f00000, 0x0000000785f00000| Untracked 
|  96|0x0000000786000000, 0x0000000786000000, 0x0000000786100000|  0%| F|  |TAMS 0x0000000786000000, 0x0000000786000000| Untracked 
|  97|0x0000000786100000, 0x0000000786100000, 0x0000000786200000|  0%| F|  |TAMS 0x0000000786100000, 0x0000000786100000| Untracked 
|  98|0x0000000786200000, 0x0000000786200000, 0x0000000786300000|  0%| F|  |TAMS 0x0000000786200000, 0x0000000786200000| Untracked 
|  99|0x0000000786300000, 0x0000000786300000, 0x0000000786400000|  0%| F|  |TAMS 0x0000000786300000, 0x0000000786300000| Untracked 
| 100|0x0000000786400000, 0x0000000786400000, 0x0000000786500000|  0%| F|  |TAMS 0x0000000786400000, 0x0000000786400000| Untracked 
| 101|0x0000000786500000, 0x0000000786500000, 0x0000000786600000|  0%| F|  |TAMS 0x0000000786500000, 0x0000000786500000| Untracked 
| 102|0x0000000786600000, 0x0000000786600000, 0x0000000786700000|  0%| F|  |TAMS 0x0000000786600000, 0x0000000786600000| Untracked 
| 103|0x0000000786700000, 0x0000000786700000, 0x0000000786800000|  0%| F|  |TAMS 0x0000000786700000, 0x0000000786700000| Untracked 
| 104|0x0000000786800000, 0x0000000786800000, 0x0000000786900000|  0%| F|  |TAMS 0x0000000786800000, 0x0000000786800000| Untracked 
| 105|0x0000000786900000, 0x0000000786900000, 0x0000000786a00000|  0%| F|  |TAMS 0x0000000786900000, 0x0000000786900000| Untracked 
| 106|0x0000000786a00000, 0x0000000786a00000, 0x0000000786b00000|  0%| F|  |TAMS 0x0000000786a00000, 0x0000000786a00000| Untracked 
| 107|0x0000000786b00000, 0x0000000786b00000, 0x0000000786c00000|  0%| F|  |TAMS 0x0000000786b00000, 0x0000000786b00000| Untracked 
| 108|0x0000000786c00000, 0x0000000786c00000, 0x0000000786d00000|  0%| F|  |TAMS 0x0000000786c00000, 0x0000000786c00000| Untracked 
| 109|0x0000000786d00000, 0x0000000786d00000, 0x0000000786e00000|  0%| F|  |TAMS 0x0000000786d00000, 0x0000000786d00000| Untracked 
| 110|0x0000000786e00000, 0x0000000786e00000, 0x0000000786f00000|  0%| F|  |TAMS 0x0000000786e00000, 0x0000000786e00000| Untracked 
| 111|0x0000000786f00000, 0x0000000786f00000, 0x0000000787000000|  0%| F|  |TAMS 0x0000000786f00000, 0x0000000786f00000| Untracked 
| 112|0x0000000787000000, 0x0000000787000000, 0x0000000787100000|  0%| F|  |TAMS 0x0000000787000000, 0x0000000787000000| Untracked 
| 113|0x0000000787100000, 0x0000000787100000, 0x0000000787200000|  0%| F|  |TAMS 0x0000000787100000, 0x0000000787100000| Untracked 
| 114|0x0000000787200000, 0x0000000787200000, 0x0000000787300000|  0%| F|  |TAMS 0x0000000787200000, 0x0000000787200000| Untracked 
| 115|0x0000000787300000, 0x0000000787300000, 0x0000000787400000|  0%| F|  |TAMS 0x0000000787300000, 0x0000000787300000| Untracked 
| 116|0x0000000787400000, 0x0000000787400000, 0x0000000787500000|  0%| F|  |TAMS 0x0000000787400000, 0x0000000787400000| Untracked 
| 117|0x0000000787500000, 0x0000000787500000, 0x0000000787600000|  0%| F|  |TAMS 0x0000000787500000, 0x0000000787500000| Untracked 
| 118|0x0000000787600000, 0x0000000787600000, 0x0000000787700000|  0%| F|  |TAMS 0x0000000787600000, 0x0000000787600000| Untracked 
| 119|0x0000000787700000, 0x0000000787700000, 0x0000000787800000|  0%| F|  |TAMS 0x0000000787700000, 0x0000000787700000| Untracked 
| 120|0x0000000787800000, 0x0000000787800000, 0x0000000787900000|  0%| F|  |TAMS 0x0000000787800000, 0x0000000787800000| Untracked 
| 121|0x0000000787900000, 0x0000000787900000, 0x0000000787a00000|  0%| F|  |TAMS 0x0000000787900000, 0x0000000787900000| Untracked 
| 122|0x0000000787a00000, 0x0000000787a00000, 0x0000000787b00000|  0%| F|  |TAMS 0x0000000787a00000, 0x0000000787a00000| Untracked 
| 123|0x0000000787b00000, 0x0000000787b00000, 0x0000000787c00000|  0%| F|  |TAMS 0x0000000787b00000, 0x0000000787b00000| Untracked 
| 124|0x0000000787c00000, 0x0000000787c00000, 0x0000000787d00000|  0%| F|  |TAMS 0x0000000787c00000, 0x0000000787c00000| Untracked 
| 125|0x0000000787d00000, 0x0000000787d00000, 0x0000000787e00000|  0%| F|  |TAMS 0x0000000787d00000, 0x0000000787d00000| Untracked 
| 126|0x0000000787e00000, 0x0000000787e00000, 0x0000000787f00000|  0%| F|  |TAMS 0x0000000787e00000, 0x0000000787e00000| Untracked 
| 127|0x0000000787f00000, 0x0000000787feb8d0, 0x0000000788000000| 92%| E|  |TAMS 0x0000000787f00000, 0x0000000787f00000| Complete 
|1022|0x00000007bfe00000, 0x00000007bfe51000, 0x00000007bff00000| 31%|OA|  |TAMS 0x00000007bfe00000, 0x00000007bfe00000| Untracked 
|1023|0x00000007bff00000, 0x00000007bff79000, 0x00000007c0000000| 47%|CA|  |TAMS 0x00000007bff00000, 0x00000007bff00000| Untracked 

Card table byte_map: [0x0000000126552000,0x0000000126952000] _byte_map_base: 0x0000000122952000

Marking Bits (Prev, Next): (CMBitMap*) 0x00007fe8c4808210, (CMBitMap*) 0x00007fe8c4808250
 Prev Bits: [0x0000000126d52000, 0x0000000128d52000)
 Next Bits: [0x0000000128d52000, 0x000000012ad52000)

Polling page: 0x000000010036c000

Metaspace:

Usage:
  Non-class:      4.00 MB capacity,   135.52 KB (  3%) used,     3.87 MB ( 97%) free+waste,   128 bytes ( <1%) overhead. 
      Class:    386.00 KB capacity,     6.65 KB (  2%) used,   379.23 KB ( 98%) free+waste,   128 bytes ( <1%) overhead. 
       Both:      4.38 MB capacity,   142.17 KB (  3%) used,     4.24 MB ( 97%) free+waste,   256 bytes ( <1%) overhead. 

Virtual space:
  Non-class space:        8.00 MB reserved,       4.25 MB ( 53%) committed 
      Class space:        1.00 GB reserved,     512.00 KB ( <1%) committed 
             Both:        1.01 GB reserved,       4.75 MB ( <1%) committed 

Chunk freelists:
   Non-Class:  0 bytes
       Class:  0 bytes
        Both:  0 bytes

MaxMetaspaceSize: 17179869184.00 GB
CompressedClassSpaceSize: 1.00 GB

CodeHeap 'non-profiled nmethods': size=120028Kb used=13Kb max_used=13Kb free=120014Kb
 bounds [0x000000011ea45000, 0x000000011ecb5000, 0x0000000125f7c000]
CodeHeap 'profiled nmethods': size=120028Kb used=45Kb max_used=45Kb free=119982Kb
 bounds [0x000000011750e000, 0x000000011777e000, 0x000000011ea45000]
CodeHeap 'non-nmethods': size=5704Kb used=1040Kb max_used=1048Kb free=4663Kb
 bounds [0x0000000116f7c000, 0x00000001171ec000, 0x000000011750e000]
 total_blobs=308 nmethods=42 adapters=181
 compilation: enabled
              stopped_count=0, restarted_count=0
 full_count=0

Compilation events (20 events):
Event: 0.049 Thread 0x00007fe8d48c0800   32       3       java.util.ImmutableCollections$Set12$1::hasNext (13 bytes)
Event: 0.050 Thread 0x00007fe8d48c0800 nmethod 32 0x0000000117517210 code [0x00000001175173a0, 0x00000001175174f0]
Event: 0.050 Thread 0x00007fe8d48c0800   33       1       java.lang.module.ModuleDescriptor::isOpen (5 bytes)
Event: 0.050 Thread 0x00007fe8d48c0800 nmethod 33 0x000000011ea47b90 code [0x000000011ea47d20, 0x000000011ea47dd0]
Event: 0.050 Thread 0x00007fe8d48c0800   34       3       java.util.HashMap::putIfAbsent (13 bytes)
Event: 0.050 Thread 0x00007fe8d48c0800 nmethod 34 0x0000000117517590 code [0x0000000117517740, 0x0000000117517a30]
Event: 0.050 Thread 0x00007fe8d48c0800   36       3       java.lang.String::equals (50 bytes)
Event: 0.051 Thread 0x00007fe8d48c0800 nmethod 36 0x0000000117517b90 code [0x0000000117517d40, 0x0000000117518160]
Event: 0.051 Thread 0x00007fe8d48c0800   37       1       java.lang.Module::getDescriptor (5 bytes)
Event: 0.052 Thread 0x00007fe8d48c0800 nmethod 37 0x000000011ea48290 code [0x000000011ea48420, 0x000000011ea484d0]
Event: 0.052 Thread 0x00007fe8d48c0800   38       3       java.util.ImmutableCollections$Set12::iterator (9 bytes)
Event: 0.052 Thread 0x00007fe8d48c0800 nmethod 38 0x0000000117518290 code [0x0000000117518440, 0x0000000117518730]
Event: 0.052 Thread 0x00007fe8d48c0800   39       3       java.util.ImmutableCollections$Set12$1::<init> (32 bytes)
Event: 0.052 Thread 0x00007fe8d48c0800 nmethod 39 0x0000000117518810 code [0x00000001175189a0, 0x0000000117518bd0]
Event: 0.055 Thread 0x00007fe8d48c0800   40       3       java.lang.String::coder (15 bytes)
Event: 0.055 Thread 0x00007fe8d48c0800 nmethod 40 0x0000000117518c90 code [0x0000000117518e20, 0x0000000117518f50]
Event: 0.056 Thread 0x00007fe8d48c0800   41       3       java.lang.String::isLatin1 (19 bytes)
Event: 0.056 Thread 0x00007fe8d48c0800 nmethod 41 0x0000000117519010 code [0x00000001175191a0, 0x0000000117519310]
Event: 0.058 Thread 0x00007fe8d48c0800   42       3       java.lang.String::length (11 bytes)
Event: 0.058 Thread 0x00007fe8d48c0800 nmethod 42 0x0000000117519390 code [0x0000000117519520, 0x00000001175196b0]

GC Heap History (0 events):
No events

Deoptimization events (0 events):
No events

Classes unloaded (0 events):
No events

Classes redefined (0 events):
No events

Internal exceptions (0 events):
No events

Events (20 events):
Event: 0.020 Thread 0x00007fe8c481b200 Thread added: 0x00007fe8c481b200
Event: 0.020 Protecting memory [0x000000030538a000,0x000000030538e000] with protection modes 0
Event: 0.031 Thread 0x00007fe8d48ba600 Thread added: 0x00007fe8d48ba600
Event: 0.031 Protecting memory [0x000000030559b000,0x000000030559f000] with protection modes 0
Event: 0.031 Thread 0x00007fe8d48b9600 Thread added: 0x00007fe8d48b9600
Event: 0.031 Protecting memory [0x000000030569e000,0x00000003056a2000] with protection modes 0
Event: 0.031 Thread 0x00007fe8d48c0200 Thread added: 0x00007fe8d48c0200
Event: 0.031 Protecting memory [0x00000003057a1000,0x00000003057a5000] with protection modes 0
Event: 0.031 Thread 0x00007fe8d48c0800 Thread added: 0x00007fe8d48c0800
Event: 0.031 Protecting memory [0x00000003058a4000,0x00000003058a8000] with protection modes 0
Event: 0.031 Thread 0x00007fe8d48c7000 Thread added: 0x00007fe8d48c7000
Event: 0.031 Protecting memory [0x00000003059a7000,0x00000003059ab000] with protection modes 0
Event: 0.052 Thread 0x00007fe8d500c800 Thread added: 0x00007fe8d500c800
Event: 0.053 Protecting memory [0x0000000305aaa000,0x0000000305aae000] with protection modes 0
Event: 0.055 loading class jdk/internal/loader/URLClassPath$FileLoader
Event: 0.055 loading class jdk/internal/loader/URLClassPath$FileLoader done
Event: 0.056 loading class jdk/internal/loader/URLClassPath$FileLoader$1
Event: 0.056 loading class jdk/internal/loader/URLClassPath$FileLoader$1 done
Event: 0.056 Thread 0x00007fe8c5050200 Thread added: 0x00007fe8c5050200
Event: 0.056 Protecting memory [0x0000000305cb0000,0x0000000305cb4000] with protection modes 0


Dynamic libraries:
0x00007ffdffbea000 	/Library/Apple/usr/libexec/oah/runtime
0x00007fff2a60a000 	/usr/lib/libz.1.dylib
0x0000000108610000 	/Library/Java/JavaVirtualMachines/jdk-15.0.2.jdk/Contents/Home/lib/libjli.dylib
0x00007fff352bc000 	/System/Library/Frameworks/Cocoa.framework/Versions/A/Cocoa
0x00007fff22164000 	/System/Library/Frameworks/Security.framework/Versions/A/Security
0x00007fff334b9000 	/System/Library/Frameworks/ApplicationServices.framework/Versions/A/ApplicationServices
0x00007fff2a6d6000 	/usr/lib/libSystem.B.dylib
0x00007fff2a6d0000 	/usr/lib/system/libcache.dylib
0x00007fff2a68c000 	/usr/lib/system/libcommonCrypto.dylib
0x00007fff2a6b6000 	/usr/lib/system/libcompiler_rt.dylib
0x00007fff2a6ab000 	/usr/lib/system/libcopyfile.dylib
0x00007fff20102000 	/usr/lib/system/libcorecrypto.dylib
0x00007fff201cf000 	/usr/lib/system/libdispatch.dylib
0x00007fff20384000 	/usr/lib/system/libdyld.dylib
0x00007fff2a6c7000 	/usr/lib/system/libkeymgr.dylib
0x00007fff2dc6b000 	/usr/lib/system/liblaunch.dylib
0x00007fff2a66a000 	/usr/lib/system/libmacho.dylib
0x00007fff29e7f000 	/usr/lib/system/libquarantine.dylib
0x00007fff2a6c4000 	/usr/lib/system/libremovefile.dylib
0x00007fff24afb000 	/usr/lib/system/libsystem_asl.dylib
0x00007fff200b2000 	/usr/lib/system/libsystem_blocks.dylib
0x00007fff20251000 	/usr/lib/system/libsystem_c.dylib
0x00007fff2a6be000 	/usr/lib/system/libsystem_collections.dylib
0x00007fff2926c000 	/usr/lib/system/libsystem_configuration.dylib
0x00007fff2855b000 	/usr/lib/system/libsystem_containermanager.dylib
0x00007fff2a402000 	/usr/lib/system/libsystem_coreservices.dylib
0x00007fff22718000 	/usr/lib/system/libsystem_darwin.dylib
0x00007fff2a6c8000 	/usr/lib/system/libsystem_dnssd.dylib
0x00007fff2024e000 	/usr/lib/system/libsystem_featureflags.dylib
0x00007fff203c9000 	/usr/lib/system/libsystem_info.dylib
0x00007fff2a61d000 	/usr/lib/system/libsystem_m.dylib
0x00007fff201a2000 	/usr/lib/system/libsystem_malloc.dylib
0x00007fff24a8f000 	/usr/lib/system/libsystem_networkextension.dylib
0x00007fff22b33000 	/usr/lib/system/libsystem_notify.dylib
0x00007fff3011f000 	/usr/lib/system/libsystem_product_info_filter.dylib
0x00007fff29270000 	/usr/lib/system/libsystem_sandbox.dylib
0x00007fff2a6c1000 	/usr/lib/system/libsystem_secinit.dylib
0x00007fff20349000 	/usr/lib/system/libsystem_kernel.dylib
0x00007fff203bf000 	/usr/lib/system/libsystem_platform.dylib
0x00007fff20378000 	/usr/lib/system/libsystem_pthread.dylib
0x00007fff26229000 	/usr/lib/system/libsystem_symptoms.dylib
0x00007fff200ea000 	/usr/lib/system/libsystem_trace.dylib
0x00007fff2a698000 	/usr/lib/system/libunwind.dylib
0x00007fff200b4000 	/usr/lib/system/libxpc.dylib
0x00007fff20330000 	/usr/lib/libc++abi.dylib
0x00007fff20214000 	/usr/lib/libobjc.A.dylib
0x00007fff2a6a3000 	/usr/lib/liboah.dylib
0x00007fff202da000 	/usr/lib/libc++.1.dylib
0x00007fff203f5000 	/System/Library/Frameworks/CoreFoundation.framework/Versions/A/CoreFoundation
0x00007fff210d7000 	/System/Library/Frameworks/Foundation.framework/Versions/C/Foundation
0x00007fff22b8b000 	/System/Library/Frameworks/AppKit.framework/Versions/C/AppKit
0x00007fff25a49000 	/System/Library/Frameworks/CoreData.framework/Versions/A/CoreData
0x00007fff238ee000 	/System/Library/PrivateFrameworks/UIFoundation.framework/Versions/A/UIFoundation
0x00007fff2fe98000 	/System/Library/PrivateFrameworks/RemoteViewServices.framework/Versions/A/RemoteViewServices
0x00007fff28c25000 	/System/Library/PrivateFrameworks/XCTTargetBootstrap.framework/Versions/A/XCTTargetBootstrap
0x00007fff2b974000 	/usr/lib/libspindump.dylib
0x00007fff23b43000 	/System/Library/Frameworks/UniformTypeIdentifiers.framework/Versions/A/UniformTypeIdentifiers
0x00007fff273fb000 	/usr/lib/libapp_launch_measurement.dylib
0x00007fff273fe000 	/System/Library/PrivateFrameworks/CoreAutoLayout.framework/Versions/A/CoreAutoLayout
0x00007fff28587000 	/System/Library/Frameworks/Metal.framework/Versions/A/Metal
0x00007fff2927b000 	/usr/lib/liblangid.dylib
0x00007fff28c29000 	/System/Library/PrivateFrameworks/CoreSVG.framework/Versions/A/CoreSVG
0x00007fff24b2a000 	/System/Library/PrivateFrameworks/SkyLight.framework/Versions/A/SkyLight
0x00007fff24e91000 	/System/Library/Frameworks/CoreGraphics.framework/Versions/A/CoreGraphics
0x00007fff304ef000 	/System/Library/Frameworks/Accelerate.framework/Versions/A/Accelerate
0x00007fff2b3af000 	/System/Library/PrivateFrameworks/IconServices.framework/Versions/A/IconServices
0x00007fff2856c000 	/System/Library/Frameworks/IOSurface.framework/Versions/A/IOSurface
0x00007fff263db000 	/usr/lib/libDiagnosticMessagesClient.dylib
0x00007fff28c11000 	/System/Library/PrivateFrameworks/DFRFoundation.framework/Versions/A/DFRFoundation
0x00007fff224b6000 	/usr/lib/libicucore.A.dylib
0x00007fff2ceb9000 	/System/Library/Frameworks/AudioToolbox.framework/Versions/A/AudioToolbox
0x00007fff2c15e000 	/System/Library/PrivateFrameworks/DataDetectorsCore.framework/Versions/A/DataDetectorsCore
0x00007fff28911000 	/System/Library/Frameworks/Carbon.framework/Versions/A/Frameworks/HIToolbox.framework/Versions/A/HIToolbox
0x00007fff26e56000 	/System/Library/Frameworks/QuartzCore.framework/Versions/A/QuartzCore
0x00007fff2fed4000 	/System/Library/Frameworks/Carbon.framework/Versions/A/Frameworks/SpeechRecognition.framework/Versions/A/SpeechRecognition
0x00007fff27163000 	/System/Library/PrivateFrameworks/CoreUI.framework/Versions/A/CoreUI
0x00007fff21abf000 	/System/Library/Frameworks/CoreAudio.framework/Versions/A/CoreAudio
0x00007fff264c6000 	/System/Library/Frameworks/DiskArbitration.framework/Versions/A/DiskArbitration
0x00007fff2bd6e000 	/System/Library/PrivateFrameworks/MultitouchSupport.framework/Versions/A/MultitouchSupport
0x00007fff2c155000 	/System/Library/PrivateFrameworks/InternationalSupport.framework/Versions/A/InternationalSupport
0x00007fff24a9e000 	/usr/lib/libenergytrace.dylib
0x00007fff22a84000 	/System/Library/Frameworks/IOKit.framework/Versions/A/IOKit
0x00007fff30221000 	/System/Library/Frameworks/CoreServices.framework/Versions/A/CoreServices
0x00007fff27391000 	/System/Library/PrivateFrameworks/PerformanceAnalysis.framework/Versions/A/PerformanceAnalysis
0x00007fff6cb97000 	/System/Library/Frameworks/OpenGL.framework/Versions/A/OpenGL
0x00007fff2c1da000 	/System/Library/PrivateFrameworks/UserActivity.framework/Versions/A/UserActivity
0x00007fff2554b000 	/System/Library/Frameworks/ColorSync.framework/Versions/A/ColorSync
0x00007fff28e92000 	/System/Library/Frameworks/CoreImage.framework/Versions/A/CoreImage
0x00007fff218d6000 	/System/Library/Frameworks/CoreText.framework/Versions/A/CoreText
0x00007fff28c53000 	/System/Library/Frameworks/ImageIO.framework/Versions/A/ImageIO
0x00007fff2a6dc000 	/System/Library/PrivateFrameworks/SoftLinking.framework/Versions/A/SoftLinking
0x00007fff27447000 	/usr/lib/libxml2.2.dylib
0x00007fff2a94e000 	/usr/lib/libcompression.dylib
0x00007fff24a9f000 	/usr/lib/libMobileGestalt.dylib
0x00007fff2c088000 	/System/Library/PrivateFrameworks/TextureIO.framework/Versions/A/TextureIO
0x00007fff2b03c000 	/usr/lib/libate.dylib
0x00007fff2ad67000 	/usr/lib/liblzma.5.dylib
0x00007fff20deb000 	/System/Library/Frameworks/SystemConfiguration.framework/Versions/A/SystemConfiguration
0x00007fff2a6d8000 	/usr/lib/libfakelink.dylib
0x00007fff245f1000 	/System/Library/Frameworks/CFNetwork.framework/Versions/A/CFNetwork
0x00007fff2a818000 	/usr/lib/libarchive.2.dylib
0x00007fff20e69000 	/usr/lib/libCRFSuite.dylib
0x00007fff29ea6000 	/usr/lib/libbsm.0.dylib
0x00007fff23fad000 	/usr/lib/libnetwork.dylib
0x00007fff2a6dd000 	/usr/lib/libpcap.A.dylib
0x00007fff26222000 	/usr/lib/libdns_services.dylib
0x00007fff2ad80000 	/usr/lib/libcoretls_cfhelpers.dylib
0x00007fff2a91c000 	/usr/lib/libapple_nghttp2.dylib
0x00007fff2a670000 	/usr/lib/system/libkxld.dylib
0x00007fff25e90000 	/usr/lib/libsqlite3.dylib
0x00007fff2a3e4000 	/System/Library/PrivateFrameworks/AppleFSCompression.framework/Versions/A/AppleFSCompression
0x00007fff29e8e000 	/usr/lib/libcoretls.dylib
0x00007fff2a949000 	/usr/lib/libpam.2.dylib
0x00007fff2ae7d000 	/usr/lib/libxar.1.dylib
0x00007fff29277000 	/System/Library/PrivateFrameworks/AppleSystemInfo.framework/Versions/A/AppleSystemInfo
0x00007fff29ad1000 	/System/Library/PrivateFrameworks/IOMobileFramebuffer.framework/Versions/A/IOMobileFramebuffer
0x00007fff2a3f4000 	/usr/lib/libbz2.1.0.dylib
0x00007fff2a715000 	/usr/lib/libiconv.2.dylib
0x00007fff2a669000 	/usr/lib/libcharset.1.dylib
0x00007fff273cd000 	/System/Library/Frameworks/CoreServices.framework/Versions/A/Frameworks/FSEvents.framework/Versions/A/FSEvents
0x00007fff22722000 	/System/Library/Frameworks/CoreServices.framework/Versions/A/Frameworks/CarbonCore.framework/Versions/A/CarbonCore
0x00007fff2642b000 	/System/Library/Frameworks/CoreServices.framework/Versions/A/Frameworks/Metadata.framework/Versions/A/Metadata
0x00007fff2a407000 	/System/Library/Frameworks/CoreServices.framework/Versions/A/Frameworks/OSServices.framework/Versions/A/OSServices
0x00007fff2a88a000 	/System/Library/Frameworks/CoreServices.framework/Versions/A/Frameworks/SearchKit.framework/Versions/A/SearchKit
0x00007fff261ac000 	/System/Library/Frameworks/CoreServices.framework/Versions/A/Frameworks/AE.framework/Versions/A/AE
0x00007fff20891000 	/System/Library/Frameworks/CoreServices.framework/Versions/A/Frameworks/LaunchServices.framework/Versions/A/LaunchServices
0x00007fff2ad18000 	/System/Library/Frameworks/CoreServices.framework/Versions/A/Frameworks/DictionaryServices.framework/Versions/A/DictionaryServices
0x00007fff273d6000 	/System/Library/Frameworks/CoreServices.framework/Versions/A/Frameworks/SharedFileList.framework/Versions/A/SharedFileList
0x00007fff29e82000 	/usr/lib/libCheckFix.dylib
0x00007fff24b12000 	/System/Library/PrivateFrameworks/TCC.framework/Versions/A/TCC
0x00007fff2927d000 	/System/Library/PrivateFrameworks/CoreNLP.framework/Versions/A/CoreNLP
0x00007fff263de000 	/System/Library/PrivateFrameworks/MetadataUtilities.framework/Versions/A/MetadataUtilities
0x00007fff20e9f000 	/usr/lib/libmecabra.dylib
0x00007fff2a196000 	/System/Library/Frameworks/MLCompute.framework/Versions/A/MLCompute
0x00007fff29eb7000 	/usr/lib/libmecab.dylib
0x00007fff29f01000 	/usr/lib/libgermantok.dylib
0x00007fff2a8f2000 	/usr/lib/libThaiTokenizer.dylib
0x00007fff2aeb8000 	/usr/lib/libChineseTokenizer.dylib
0x00007fff2a947000 	/System/Library/Frameworks/MetalPerformanceShaders.framework/Versions/A/MetalPerformanceShaders
0x00007fff264cd000 	/System/Library/Frameworks/Accelerate.framework/Versions/A/Frameworks/vImage.framework/Versions/A/vImage
0x00007fff301fa000 	/System/Library/Frameworks/Accelerate.framework/Versions/A/Frameworks/vecLib.framework/Versions/A/vecLib
0x00007fff2aec3000 	/System/Library/Frameworks/Accelerate.framework/Versions/A/Frameworks/vecLib.framework/Versions/A/libvMisc.dylib
0x00007fff2992d000 	/System/Library/Frameworks/Accelerate.framework/Versions/A/Frameworks/vecLib.framework/Versions/A/libvDSP.dylib
0x00007fff20b95000 	/System/Library/Frameworks/Accelerate.framework/Versions/A/Frameworks/vecLib.framework/Versions/A/libBLAS.dylib
0x00007fff2a96d000 	/System/Library/Frameworks/Accelerate.framework/Versions/A/Frameworks/vecLib.framework/Versions/A/libLAPACK.dylib
0x00007fff29f07000 	/System/Library/Frameworks/Accelerate.framework/Versions/A/Frameworks/vecLib.framework/Versions/A/libLinearAlgebra.dylib
0x00007fff2a934000 	/System/Library/Frameworks/Accelerate.framework/Versions/A/Frameworks/vecLib.framework/Versions/A/libSparseBLAS.dylib
0x00007fff2a967000 	/System/Library/Frameworks/Accelerate.framework/Versions/A/Frameworks/vecLib.framework/Versions/A/libQuadrature.dylib
0x00007fff29325000 	/System/Library/Frameworks/Accelerate.framework/Versions/A/Frameworks/vecLib.framework/Versions/A/libBNNS.dylib
0x00007fff20d7c000 	/System/Library/Frameworks/Accelerate.framework/Versions/A/Frameworks/vecLib.framework/Versions/A/libSparse.dylib
0x00007fff29210000 	/System/Library/Frameworks/MetalPerformanceShaders.framework/Versions/A/Frameworks/MPSCore.framework/Versions/A/MPSCore
0x00007fff2a353000 	/System/Library/Frameworks/MetalPerformanceShaders.framework/Versions/A/Frameworks/MPSImage.framework/Versions/A/MPSImage
0x00007fff29f1e000 	/System/Library/Frameworks/MetalPerformanceShaders.framework/Versions/A/Frameworks/MPSNeuralNetwork.framework/Versions/A/MPSNeuralNetwork
0x00007fff2a2de000 	/System/Library/Frameworks/MetalPerformanceShaders.framework/Versions/A/Frameworks/MPSMatrix.framework/Versions/A/MPSMatrix
0x00007fff2a146000 	/System/Library/Frameworks/MetalPerformanceShaders.framework/Versions/A/Frameworks/MPSRayIntersector.framework/Versions/A/MPSRayIntersector
0x00007fff2a315000 	/System/Library/Frameworks/MetalPerformanceShaders.framework/Versions/A/Frameworks/MPSNDArray.framework/Versions/A/MPSNDArray
0x00007fff20ac1000 	/System/Library/PrivateFrameworks/MetalTools.framework/Versions/A/MetalTools
0x00007fff29275000 	/System/Library/PrivateFrameworks/AggregateDictionary.framework/Versions/A/AggregateDictionary
0x00007fff263b6000 	/System/Library/PrivateFrameworks/CoreAnalytics.framework/Versions/A/CoreAnalytics
0x00007fff2a8f4000 	/System/Library/PrivateFrameworks/AppleSauce.framework/Versions/A/AppleSauce
0x00007fff2857e000 	/System/Library/PrivateFrameworks/IOAccelerator.framework/Versions/A/IOAccelerator
0x00007fff6cb8b000 	/System/Library/Frameworks/OpenGL.framework/Versions/A/Libraries/libCoreFSCache.dylib
0x00007fff2143b000 	/System/Library/PrivateFrameworks/LanguageModeling.framework/Versions/A/LanguageModeling
0x00007fff29abe000 	/System/Library/PrivateFrameworks/CoreEmoji.framework/Versions/A/CoreEmoji
0x00007fff2931e000 	/System/Library/PrivateFrameworks/LinguisticData.framework/Versions/A/LinguisticData
0x00007fff20d2e000 	/System/Library/PrivateFrameworks/Lexicon.framework/Versions/A/Lexicon
0x00007fff2a806000 	/usr/lib/libcmph.dylib
0x00007fff273ad000 	/System/Library/Frameworks/OpenDirectory.framework/Versions/A/Frameworks/CFOpenDirectory.framework/Versions/A/CFOpenDirectory
0x00007fff2739d000 	/System/Library/Frameworks/OpenDirectory.framework/Versions/A/OpenDirectory
0x00007fff2ad82000 	/System/Library/PrivateFrameworks/APFS.framework/Versions/A/APFS
0x00007fff29de3000 	/System/Library/Frameworks/SecurityFoundation.framework/Versions/A/SecurityFoundation
0x00007fff2ae8b000 	/usr/lib/libutil.dylib
0x00007fff22a49000 	/System/Library/PrivateFrameworks/CoreServicesStore.framework/Versions/A/CoreServicesStore
0x00007fff29e7a000 	/System/Library/Frameworks/ServiceManagement.framework/Versions/A/ServiceManagement
0x00007fff2ae8f000 	/usr/lib/libxslt.1.dylib
0x00007fff29e70000 	/System/Library/PrivateFrameworks/BackgroundTaskManagement.framework/Versions/A/BackgroundTaskManagement
0x00007fff2bfd3000 	/System/Library/Frameworks/ImageIO.framework/Versions/A/Resources/libRadiance.dylib
0x00007fff2bfdc000 	/System/Library/Frameworks/ImageIO.framework/Versions/A/Resources/libJPEG.dylib
0x00007fff2bf28000 	/System/Library/Frameworks/ImageIO.framework/Versions/A/Resources/libPng.dylib
0x00007fff2bf4f000 	/System/Library/Frameworks/ImageIO.framework/Versions/A/Resources/libTIFF.dylib
0x00007fff2c031000 	/System/Library/Frameworks/ImageIO.framework/Versions/A/Resources/libGIF.dylib
0x00007fff2bc8c000 	/System/Library/Frameworks/ImageIO.framework/Versions/A/Resources/libJP2.dylib
0x00007fff2b376000 	/usr/lib/libexpat.1.dylib
0x00007fff2bc41000 	/System/Library/PrivateFrameworks/AppleJPEG.framework/Versions/A/AppleJPEG
0x00007fff287b4000 	/System/Library/PrivateFrameworks/FontServices.framework/libFontParser.dylib
0x00007fff26160000 	/System/Library/PrivateFrameworks/RunningBoardServices.framework/Versions/A/RunningBoardServices
0x00007fff2bd6a000 	/System/Library/PrivateFrameworks/WatchdogClient.framework/Versions/A/WatchdogClient
0x00007fff21528000 	/System/Library/Frameworks/CoreDisplay.framework/Versions/A/CoreDisplay
0x00007fff286ca000 	/System/Library/Frameworks/CoreMedia.framework/Versions/A/CoreMedia
0x00007fff2752a000 	/System/Library/Frameworks/CoreVideo.framework/Versions/A/CoreVideo
0x00007fff2bda2000 	/System/Library/Frameworks/VideoToolbox.framework/Versions/A/VideoToolbox
0x00007fff260de000 	/System/Library/PrivateFrameworks/BaseBoard.framework/Versions/A/BaseBoard
0x00007fff2b4bb000 	/System/Library/PrivateFrameworks/PersistentConnection.framework/Versions/A/PersistentConnection
0x00007fff25e79000 	/System/Library/PrivateFrameworks/ProtocolBuffer.framework/Versions/A/ProtocolBuffer
0x00007fff260c5000 	/System/Library/PrivateFrameworks/CommonUtilities.framework/Versions/A/CommonUtilities
0x00007fff2bbd6000 	/System/Library/PrivateFrameworks/Bom.framework/Versions/A/Bom
0x00007fff2bfcc000 	/System/Library/PrivateFrameworks/GPUWrangler.framework/Versions/A/GPUWrangler
0x00007fff2bfaf000 	/System/Library/PrivateFrameworks/IOPresentment.framework/Versions/A/IOPresentment
0x00007fff2bfd6000 	/System/Library/PrivateFrameworks/DSExternalDisplay.framework/Versions/A/DSExternalDisplay
0x00007fff2c036000 	/System/Library/PrivateFrameworks/CMCaptureCore.framework/Versions/A/CMCaptureCore
0x00007fff2b95b000 	/System/Library/PrivateFrameworks/AppServerSupport.framework/Versions/A/AppServerSupport
0x00007fff2da0a000 	/System/Library/PrivateFrameworks/perfdata.framework/Versions/A/perfdata
0x00007fff29dd2000 	/System/Library/PrivateFrameworks/AssertionServices.framework/Versions/A/AssertionServices
0x00007fff2165f000 	/System/Library/PrivateFrameworks/AudioToolboxCore.framework/Versions/A/AudioToolboxCore
0x00007fff286ad000 	/System/Library/PrivateFrameworks/caulk.framework/Versions/A/caulk
0x00007fff3d6b5000 	/System/Library/PrivateFrameworks/SystemPolicy.framework/Versions/A/SystemPolicy
0x00007fff2b16b000 	/usr/lib/libIOReport.dylib
0x00007fff2d22c000 	/usr/lib/libSMC.dylib
0x00007fff2bef5000 	/usr/lib/libAudioToolboxUtility.dylib
0x00007fff3e01f000 	/usr/lib/libmis.dylib
0x00007fff6cbe7000 	/System/Library/Frameworks/OpenGL.framework/Versions/A/Libraries/libGLU.dylib
0x00007fff6cbaa000 	/System/Library/Frameworks/OpenGL.framework/Versions/A/Libraries/libGFXShared.dylib
0x00007fff6cdb9000 	/System/Library/Frameworks/OpenGL.framework/Versions/A/Libraries/libGL.dylib
0x00007fff6cbb3000 	/System/Library/Frameworks/OpenGL.framework/Versions/A/Libraries/libGLImage.dylib
0x00007fff6cba7000 	/System/Library/Frameworks/OpenGL.framework/Versions/A/Libraries/libCVMSPluginSupport.dylib
0x00007fff6cb92000 	/System/Library/Frameworks/OpenGL.framework/Versions/A/Libraries/libCoreVMClient.dylib
0x00007fff6e1fa000 	/System/Library/Frameworks/OpenCL.framework/Versions/A/OpenCL
0x00007fff2b4e5000 	/System/Library/PrivateFrameworks/GraphVisualizer.framework/Versions/A/GraphVisualizer
0x00007fff2b4f4000 	/System/Library/PrivateFrameworks/FaceCore.framework/Versions/A/FaceCore
0x00007fff2b910000 	/System/Library/PrivateFrameworks/OTSVG.framework/Versions/A/OTSVG
0x00007fff27121000 	/System/Library/Frameworks/ApplicationServices.framework/Versions/A/Frameworks/ATS.framework/Versions/A/Resources/libFontRegistry.dylib
0x00007fff2b962000 	/System/Library/PrivateFrameworks/FontServices.framework/libhvf.dylib
0x00007fff2b322000 	/System/Library/PrivateFrameworks/AppleVA.framework/Versions/A/AppleVA
0x00007fff2d075000 	/System/Library/Frameworks/ApplicationServices.framework/Versions/A/Frameworks/ATS.framework/Versions/A/ATS
0x00007fff2d387000 	/System/Library/Frameworks/ApplicationServices.framework/Versions/A/Frameworks/ColorSyncLegacy.framework/Versions/A/ColorSyncLegacy
0x00007fff25642000 	/System/Library/Frameworks/ApplicationServices.framework/Versions/A/Frameworks/HIServices.framework/Versions/A/HIServices
0x00007fff2d36c000 	/System/Library/Frameworks/ApplicationServices.framework/Versions/A/Frameworks/LangAnalysis.framework/Versions/A/LangAnalysis
0x00007fff2c040000 	/System/Library/Frameworks/ApplicationServices.framework/Versions/A/Frameworks/PrintCore.framework/Versions/A/PrintCore
0x00007fff2d38f000 	/System/Library/Frameworks/ApplicationServices.framework/Versions/A/Frameworks/QD.framework/Versions/A/QD
0x00007fff2d065000 	/System/Library/Frameworks/ApplicationServices.framework/Versions/A/Frameworks/SpeechSynthesis.framework/Versions/A/SpeechSynthesis
0x00007fff2c001000 	/System/Library/Frameworks/ApplicationServices.framework/Versions/A/Frameworks/ATSUI.framework/Versions/A/ATSUI
0x00007fff2d30c000 	/usr/lib/libcups.2.dylib
0x00007fff2d37c000 	/System/Library/PrivateFrameworks/NetAuth.framework/Versions/A/NetAuth
0x00007fff2da26000 	/System/Library/Frameworks/Kerberos.framework/Versions/A/Kerberos
0x00007fff2da36000 	/System/Library/Frameworks/GSS.framework/Versions/A/GSS
0x00007fff2d0e1000 	/usr/lib/libresolv.9.dylib
0x00007fff2b977000 	/System/Library/PrivateFrameworks/Heimdal.framework/Versions/A/Heimdal
0x00007fff337ba000 	/System/Library/Frameworks/Kerberos.framework/Versions/A/Libraries/libHeimdalProxy.dylib
0x00007fff26231000 	/System/Library/Frameworks/Network.framework/Versions/A/Network
0x00007fff2b390000 	/usr/lib/libheimdal-asn1.dylib
0x00007fff2da86000 	/System/Library/PrivateFrameworks/CommonAuth.framework/Versions/A/CommonAuth
0x00007fff27577000 	/System/Library/PrivateFrameworks/login.framework/Versions/A/Frameworks/loginsupport.framework/Versions/A/loginsupport
0x00007fff2cfea000 	/System/Library/PrivateFrameworks/AudioSession.framework/Versions/A/AudioSession
0x00007fff2d052000 	/usr/lib/libAudioStatistics.dylib
0x00007fff2b41d000 	/System/Library/PrivateFrameworks/MediaExperience.framework/Versions/A/MediaExperience
0x00007fff2ce87000 	/System/Library/PrivateFrameworks/AudioSession.framework/libSessionUtility.dylib
0x00007fff2da17000 	/usr/lib/libperfcheck.dylib
0x00007fff2d39b000 	/System/Library/PrivateFrameworks/AudioResourceArbitration.framework/Versions/A/AudioResourceArbitration
0x00007fff2b39a000 	/System/Library/PrivateFrameworks/IconFoundation.framework/Versions/A/IconFoundation
0x00007fff2fec4000 	/System/Library/PrivateFrameworks/SpeechRecognitionCore.framework/Versions/A/SpeechRecognitionCore
0x0000000108673000 	/System/Library/CoreServices/Encodings/libCyrillicConverter.dylib
0x000000010c800000 	/Library/Java/JavaVirtualMachines/jdk-15.0.2.jdk/Contents/Home/lib/server/libjvm.dylib
0x00000001086b0000 	/Library/Java/JavaVirtualMachines/jdk-15.0.2.jdk/Contents/Home/lib/libjimage.dylib
0x0000000108712000 	/Library/Java/JavaVirtualMachines/jdk-15.0.2.jdk/Contents/Home/lib/libjava.dylib


VM Arguments:
jvm_args: -Dfile.encoding=UTF-8 -XX:+ShowCodeDetailsInExceptionMessages 
java_command: exceptions.Example1
java_class_path (initial): /Users/matilda/eclipse-workspace/OOP/Exceptions/bin
Launcher Type: SUN_STANDARD

[Global flags]
     intx CICompilerCount                          = 4                                         {product} {ergonomic}
     uint ConcGCThreads                            = 2                                         {product} {ergonomic}
     uint G1ConcRefinementThreads                  = 8                                         {product} {ergonomic}
   size_t G1HeapRegionSize                         = 1048576                                   {product} {ergonomic}
    uintx GCDrainStackTargetSize                   = 64                                        {product} {ergonomic}
   size_t InitialHeapSize                          = 134217728                                 {product} {ergonomic}
   size_t MarkStackSize                            = 4194304                                   {product} {ergonomic}
   size_t MaxHeapSize                              = 2147483648                                {product} {ergonomic}
   size_t MaxNewSize                               = 1287651328                                {product} {ergonomic}
   size_t MinHeapDeltaBytes                        = 1048576                                   {product} {ergonomic}
   size_t MinHeapSize                              = 8388608                                   {product} {ergonomic}
    uintx NonNMethodCodeHeapSize                   = 5839372                                {pd product} {ergonomic}
    uintx NonProfiledCodeHeapSize                  = 122909434                              {pd product} {ergonomic}
    uintx ProfiledCodeHeapSize                     = 122909434                              {pd product} {ergonomic}
    uintx ReservedCodeCacheSize                    = 251658240                              {pd product} {ergonomic}
     bool SegmentedCodeCache                       = true                                      {product} {ergonomic}
     bool ShowCodeDetailsInExceptionMessages       = true                                   {manageable} {command line}
   size_t SoftMaxHeapSize                          = 2147483648                             {manageable} {ergonomic}
     bool UseCompressedClassPointers               = true                                 {lp64_product} {ergonomic}
     bool UseCompressedOops                        = true                                 {lp64_product} {ergonomic}
     bool UseG1GC                                  = true                                      {product} {ergonomic}
     bool UseNUMA                                  = false                                     {product} {ergonomic}
     bool UseNUMAInterleaving                      = false                                     {product} {ergonomic}

Logging:
Log output configuration:
 #0: stdout all=warning uptime,level,tags
 #1: stderr all=off uptime,level,tags

Environment Variables:
PATH=/usr/bin:/bin:/usr/sbin:/sbin
SHELL=/bin/zsh

Signal Handlers:
SIGSEGV: [libjvm.dylib+0x9ff2f0], sa_mask[0]=11111111111111111111111111111111, sa_flags=SA_ONSTACK|SA_RESTART|SA_SIGINFO
SIGBUS: [libjvm.dylib+0x9ff2f0], sa_mask[0]=11111111111111111111111111111111, sa_flags=SA_RESTART|SA_SIGINFO
SIGFPE: [libjvm.dylib+0x9ff2f0], sa_mask[0]=11111111111111111111111111111111, sa_flags=SA_RESTART|SA_SIGINFO
SIGPIPE: [libjvm.dylib+0x82ae30], sa_mask[0]=11111111111111111111111111111111, sa_flags=SA_RESTART|SA_SIGINFO
SIGXFSZ: [libjvm.dylib+0x82ae30], sa_mask[0]=11111111111111111111111111111111, sa_flags=SA_RESTART|SA_SIGINFO
SIGILL: [libjvm.dylib+0x9ff2f0], sa_mask[0]=11111111111111111111111111111111, sa_flags=SA_RESTART|SA_SIGINFO
SIGUSR2: [libjvm.dylib+0x82b940], sa_mask[0]=00100000000000000000000000000000, sa_flags=SA_RESTART|SA_SIGINFO
SIGHUP: [libjvm.dylib+0x82a040], sa_mask[0]=11111111111111111111111111111111, sa_flags=SA_RESTART|SA_SIGINFO
SIGINT: [libjvm.dylib+0x82a040], sa_mask[0]=11111111111111111111111111111111, sa_flags=SA_RESTART|SA_SIGINFO
SIGTERM: [libjvm.dylib+0x82a040], sa_mask[0]=11111111111111111111111111111111, sa_flags=SA_RESTART|SA_SIGINFO
SIGQUIT: [libjvm.dylib+0x82a040], sa_mask[0]=11111111111111111111111111111111, sa_flags=SA_RESTART|SA_SIGINFO


---------------  S Y S T E M  ---------------

OS:uname: Darwin 20.3.0 Darwin Kernel Version 20.3.0: Thu Jan 21 00:06:51 PST 2021; root:xnu-7195.81.3~1/RELEASE_ARM64_T8101 x86_64
OS uptime: 0 days 4:52 hours
rlimit (soft/hard): STACK 8176k/65520k , CORE 0k/infinity , NPROC 1333/2000 , NOFILE 10240/infinity , AS infinity/infinity , CPU infinity/infinity , DATA infinity/infinity , FSIZE infinity/infinity , MEMLOCK infinity/infinity , RSS infinity/infinity
load average: 1.00 1.26 1.42

CPU: total 8 (initial active 8) (1 cores per cpu, 1 threads per core) family 6 model 44 stepping 0 microcode 0x0, cmov, cx8, fxsr, mmx, sse, sse2, sse3, ssse3, sse4.1, sse4.2, popcnt, aes, clmul, tsc, tscinvbit, tscinv, clflush

Memory: 4k page, physical 8388608k(31600k free), swap 3145728k(1380352k free)

vm_info: Java HotSpot(TM) 64-Bit Server VM (15.0.2+7-27) for bsd-amd64 JRE (15.0.2+7-27), built on Dec  7 2020 20:08:32 by "mach5one" with clang 4.2.1 Compatible Apple LLVM 10.0.0 (clang-1000.11.45.5)

END.
